Build started at 2020-07-18T03:03:07.580934
Main binary: c:\program files\python38\python.exe
Build Options: -Dbackend=vs2019 -Dbuildtype=release
Python system: Windows
The Meson build system
Version: 0.54.2
Source dir: D:\TestSub\vendor\exten\fribidi-1.0.10
Build dir: D:\TestSub\vendor\exten\fribidi-1.0.10\build
Build type: native build
None of 'PKG_CONFIG_PATH' are defined in the environment, not changing global flags.
None of 'PKG_CONFIG_PATH' are defined in the environment, not changing global flags.
Project name: fribidi
Project version: 1.0.10
None of 'CC' are defined in the environment, not changing global flags.
None of 'CFLAGS' are defined in the environment, not changing global flags.
None of 'LDFLAGS' are defined in the environment, not changing global flags.
None of 'CPPFLAGS' are defined in the environment, not changing global flags.
None of 'CC_LD' are defined in the environment, not changing global flags.
Sanity testing C compiler: cl
Is cross compiler: False.
Sanity check compiler command line: cl D:\TestSub\vendor\exten\fribidi-1.0.10\build\meson-private\sanitycheckc.c /FeD:\TestSub\vendor\exten\fribidi-1.0.10\build\meson-private\sanitycheckc.exe /MDd /nologo /showIncludes /link
Sanity check compile stdout:
sanitycheckc.c

-----
Sanity check compile stderr:

-----
Running test binary command: D:\TestSub\vendor\exten\fribidi-1.0.10\build\meson-private\sanitycheckc.exe
C compiler for the build machine: cl (msvc 19.26.28805)
C linker for the build machine: link link 14.26.28805.0
None of 'AR' are defined in the environment, not changing global flags.
None of 'CC' are defined in the environment, not changing global flags.
None of 'CFLAGS' are defined in the environment, not changing global flags.
None of 'LDFLAGS' are defined in the environment, not changing global flags.
None of 'CPPFLAGS' are defined in the environment, not changing global flags.
None of 'CC_LD' are defined in the environment, not changing global flags.
Sanity testing C compiler: cl
Is cross compiler: False.
Sanity check compiler command line: cl D:\TestSub\vendor\exten\fribidi-1.0.10\build\meson-private\sanitycheckc.c /FeD:\TestSub\vendor\exten\fribidi-1.0.10\build\meson-private\sanitycheckc.exe /MDd /nologo /showIncludes /link
Sanity check compile stdout:
sanitycheckc.c

-----
Sanity check compile stderr:

-----
Running test binary command: D:\TestSub\vendor\exten\fribidi-1.0.10\build\meson-private\sanitycheckc.exe
C compiler for the host machine: cl (msvc 19.26.28805)
C linker for the host machine: link link 14.26.28805.0
None of 'AR' are defined in the environment, not changing global flags.
Build machine cpu family: x86_64
Build machine cpu: x86_64
Host machine cpu family: x86_64
Host machine cpu: x86_64
Target machine cpu family: x86_64
Target machine cpu: x86_64
Running compile:
Working directory:  D:\TestSub\vendor\exten\fribidi-1.0.10\build\meson-private\tmpgyy0uo7_
Command line:  cl D:\TestSub\vendor\exten\fribidi-1.0.10\build\meson-private\tmpgyy0uo7_\testfile.c /FeD:\TestSub\vendor\exten\fribidi-1.0.10\build\meson-private\tmpgyy0uo7_\output.exe /nologo /showIncludes /MDd /nologo /showIncludes /Od kernel32.lib user32.lib gdi32.lib winspool.lib shell32.lib ole32.lib oleaut32.lib uuid.lib comdlg32.lib advapi32.lib 

Code:
 
        #define memmove meson_disable_define_of_memmove
        
        #include <limits.h>
        #undef memmove
        
        #ifdef __cplusplus
        extern "C"
        #endif
        char memmove (void);
        
        #if defined __stub_memmove || defined __stub___memmove
        fail fail fail this function is not going to work
        #endif
        
        int main(void) {
          return memmove ();
        }
Compiler stdout:
 testfile.c
Note: including file: C:\Program Files (x86)\Microsoft Visual Studio\2019\Community\VC\Tools\MSVC\14.26.28801\include\limits.h
Note: including file:  C:\Program Files (x86)\Microsoft Visual Studio\2019\Community\VC\Tools\MSVC\14.26.28801\include\vcruntime.h
Note: including file:   C:\Program Files (x86)\Microsoft Visual Studio\2019\Community\VC\Tools\MSVC\14.26.28801\include\sal.h
Note: including file:    C:\Program Files (x86)\Microsoft Visual Studio\2019\Community\VC\Tools\MSVC\14.26.28801\include\concurrencysal.h
Note: including file:   C:\Program Files (x86)\Microsoft Visual Studio\2019\Community\VC\Tools\MSVC\14.26.28801\include\vadefs.h

Compiler stderr:
 
Checking for function "memmove" : YES 
Running compile:
Working directory:  D:\TestSub\vendor\exten\fribidi-1.0.10\build\meson-private\tmp_aixtovc
Command line:  cl D:\TestSub\vendor\exten\fribidi-1.0.10\build\meson-private\tmp_aixtovc\testfile.c /FeD:\TestSub\vendor\exten\fribidi-1.0.10\build\meson-private\tmp_aixtovc\output.exe /nologo /showIncludes /MDd /nologo /showIncludes /Od kernel32.lib user32.lib gdi32.lib winspool.lib shell32.lib ole32.lib oleaut32.lib uuid.lib comdlg32.lib advapi32.lib 

Code:
 
        #define memset meson_disable_define_of_memset
        
        #include <limits.h>
        #undef memset
        
        #ifdef __cplusplus
        extern "C"
        #endif
        char memset (void);
        
        #if defined __stub_memset || defined __stub___memset
        fail fail fail this function is not going to work
        #endif
        
        int main(void) {
          return memset ();
        }
Compiler stdout:
 testfile.c
Note: including file: C:\Program Files (x86)\Microsoft Visual Studio\2019\Community\VC\Tools\MSVC\14.26.28801\include\limits.h
Note: including file:  C:\Program Files (x86)\Microsoft Visual Studio\2019\Community\VC\Tools\MSVC\14.26.28801\include\vcruntime.h
Note: including file:   C:\Program Files (x86)\Microsoft Visual Studio\2019\Community\VC\Tools\MSVC\14.26.28801\include\sal.h
Note: including file:    C:\Program Files (x86)\Microsoft Visual Studio\2019\Community\VC\Tools\MSVC\14.26.28801\include\concurrencysal.h
Note: including file:   C:\Program Files (x86)\Microsoft Visual Studio\2019\Community\VC\Tools\MSVC\14.26.28801\include\vadefs.h

Compiler stderr:
 
Checking for function "memset" : YES 
Running compile:
Working directory:  D:\TestSub\vendor\exten\fribidi-1.0.10\build\meson-private\tmpgu9co2yv
Command line:  cl D:\TestSub\vendor\exten\fribidi-1.0.10\build\meson-private\tmpgu9co2yv\testfile.c /FeD:\TestSub\vendor\exten\fribidi-1.0.10\build\meson-private\tmpgu9co2yv\output.exe /nologo /showIncludes /MDd /nologo /showIncludes /Od kernel32.lib user32.lib gdi32.lib winspool.lib shell32.lib ole32.lib oleaut32.lib uuid.lib comdlg32.lib advapi32.lib 

Code:
 
        #define strdup meson_disable_define_of_strdup
        
        #include <limits.h>
        #undef strdup
        
        #ifdef __cplusplus
        extern "C"
        #endif
        char strdup (void);
        
        #if defined __stub_strdup || defined __stub___strdup
        fail fail fail this function is not going to work
        #endif
        
        int main(void) {
          return strdup ();
        }
Compiler stdout:
 testfile.c
Note: including file: C:\Program Files (x86)\Microsoft Visual Studio\2019\Community\VC\Tools\MSVC\14.26.28801\include\limits.h
Note: including file:  C:\Program Files (x86)\Microsoft Visual Studio\2019\Community\VC\Tools\MSVC\14.26.28801\include\vcruntime.h
Note: including file:   C:\Program Files (x86)\Microsoft Visual Studio\2019\Community\VC\Tools\MSVC\14.26.28801\include\sal.h
Note: including file:    C:\Program Files (x86)\Microsoft Visual Studio\2019\Community\VC\Tools\MSVC\14.26.28801\include\concurrencysal.h
Note: including file:   C:\Program Files (x86)\Microsoft Visual Studio\2019\Community\VC\Tools\MSVC\14.26.28801\include\vadefs.h

Compiler stderr:
 
Checking for function "strdup" : YES 
Running compile:
Working directory:  D:\TestSub\vendor\exten\fribidi-1.0.10\build\meson-private\tmpdtd63zda
Command line:  cl D:\TestSub\vendor\exten\fribidi-1.0.10\build\meson-private\tmpdtd63zda\testfile.c /nologo /showIncludes /EP /nologo /showIncludes /EP /Od 

Code:
 
        #ifdef __has_include
         #if !__has_include("stdlib.h")
          #error "Header 'stdlib.h' could not be found"
         #endif
        #else
         #include <stdlib.h>
        #endif
Compiler stdout:
 

        
         


        



Compiler stderr:
 testfile.c

Has header "stdlib.h" : YES 
Running compile:
Working directory:  D:\TestSub\vendor\exten\fribidi-1.0.10\build\meson-private\tmpi_ubo2by
Command line:  cl D:\TestSub\vendor\exten\fribidi-1.0.10\build\meson-private\tmpi_ubo2by\testfile.c /nologo /showIncludes /EP /nologo /showIncludes /EP /Od 

Code:
 
        #ifdef __has_include
         #if !__has_include("string.h")
          #error "Header 'string.h' could not be found"
         #endif
        #else
         #include <string.h>
        #endif
Compiler stdout:
 

        
         


        



Compiler stderr:
 testfile.c

Has header "string.h" : YES 
Running compile:
Working directory:  D:\TestSub\vendor\exten\fribidi-1.0.10\build\meson-private\tmpt7sefppz
Command line:  cl D:\TestSub\vendor\exten\fribidi-1.0.10\build\meson-private\tmpt7sefppz\testfile.c /nologo /showIncludes /EP /nologo /showIncludes /EP /Od 

Code:
 
        #ifdef __has_include
         #if !__has_include("memory.h")
          #error "Header 'memory.h' could not be found"
         #endif
        #else
         #include <memory.h>
        #endif
Compiler stdout:
 

        
         


        



Compiler stderr:
 testfile.c

Has header "memory.h" : YES 
Running compile:
Working directory:  D:\TestSub\vendor\exten\fribidi-1.0.10\build\meson-private\tmpkj_54okz
Command line:  cl D:\TestSub\vendor\exten\fribidi-1.0.10\build\meson-private\tmpkj_54okz\testfile.c /nologo /showIncludes /EP /nologo /showIncludes /EP /Od 

Code:
 
        #ifdef __has_include
         #if !__has_include("strings.h")
          #error "Header 'strings.h' could not be found"
         #endif
        #else
         #include <strings.h>
        #endif
Compiler stdout:
 

        
         
          
Compiler stderr:
 testfile.c
D:\TestSub\vendor\exten\fribidi-1.0.10\build\meson-private\tmpkj_54okz\testfile.c(4): fatal error C1189: #error:  "Header 'strings.h' could not be found"

Has header "strings.h" : NO 
Running compile:
Working directory:  D:\TestSub\vendor\exten\fribidi-1.0.10\build\meson-private\tmp_5ei1lu5
Command line:  cl D:\TestSub\vendor\exten\fribidi-1.0.10\build\meson-private\tmp_5ei1lu5\testfile.c /nologo /showIncludes /EP /nologo /showIncludes /EP /Od 

Code:
 
        #ifdef __has_include
         #if !__has_include("sys/times.h")
          #error "Header 'sys/times.h' could not be found"
         #endif
        #else
         #include <sys/times.h>
        #endif
Compiler stdout:
 

        
         
          
Compiler stderr:
 testfile.c
D:\TestSub\vendor\exten\fribidi-1.0.10\build\meson-private\tmp_5ei1lu5\testfile.c(4): fatal error C1189: #error:  "Header 'sys/times.h' could not be found"

Has header "sys/times.h" : NO 
Using cached compile:
Cached command line:  cl D:\TestSub\vendor\exten\fribidi-1.0.10\build\meson-private\tmpkj_54okz\testfile.c /nologo /showIncludes /EP /nologo /showIncludes /EP /Od 

Code:
 
        #ifdef __has_include
         #if !__has_include("strings.h")
          #error "Header 'strings.h' could not be found"
         #endif
        #else
         #include <strings.h>
        #endif
Cached compiler stdout:
 

        
         
          
Cached compiler stderr:
 testfile.c
D:\TestSub\vendor\exten\fribidi-1.0.10\build\meson-private\tmpkj_54okz\testfile.c(4): fatal error C1189: #error:  "Header 'strings.h' could not be found"

Has header "strings.h" : NO (cached)
Configuring config.h using configuration
Using cached compile:
Cached command line:  cl D:\TestSub\vendor\exten\fribidi-1.0.10\build\meson-private\tmpdtd63zda\testfile.c /nologo /showIncludes /EP /nologo /showIncludes /EP /Od 

Code:
 
        #ifdef __has_include
         #if !__has_include("stdlib.h")
          #error "Header 'stdlib.h' could not be found"
         #endif
        #else
         #include <stdlib.h>
        #endif
Cached compiler stdout:
 

        
         


        



Cached compiler stderr:
 testfile.c

Has header "stdlib.h" : YES (cached)
Using cached compile:
Cached command line:  cl D:\TestSub\vendor\exten\fribidi-1.0.10\build\meson-private\tmpi_ubo2by\testfile.c /nologo /showIncludes /EP /nologo /showIncludes /EP /Od 

Code:
 
        #ifdef __has_include
         #if !__has_include("string.h")
          #error "Header 'string.h' could not be found"
         #endif
        #else
         #include <string.h>
        #endif
Cached compiler stdout:
 

        
         


        



Cached compiler stderr:
 testfile.c

Has header "string.h" : YES (cached)
Using cached compile:
Cached command line:  cl D:\TestSub\vendor\exten\fribidi-1.0.10\build\meson-private\tmpkj_54okz\testfile.c /nologo /showIncludes /EP /nologo /showIncludes /EP /Od 

Code:
 
        #ifdef __has_include
         #if !__has_include("strings.h")
          #error "Header 'strings.h' could not be found"
         #endif
        #else
         #include <strings.h>
        #endif
Cached compiler stdout:
 

        
         
          
Cached compiler stderr:
 testfile.c
D:\TestSub\vendor\exten\fribidi-1.0.10\build\meson-private\tmpkj_54okz\testfile.c(4): fatal error C1189: #error:  "Header 'strings.h' could not be found"

Has header "strings.h" : NO (cached)
Running compile:
Working directory:  D:\TestSub\vendor\exten\fribidi-1.0.10\build\meson-private\tmp5tq0h77k
Command line:  cl D:\TestSub\vendor\exten\fribidi-1.0.10\build\meson-private\tmp5tq0h77k\testfile.c /FeD:\TestSub\vendor\exten\fribidi-1.0.10\build\meson-private\tmp5tq0h77k\output.exe /nologo /showIncludes /MDd /nologo /showIncludes /Od kernel32.lib user32.lib gdi32.lib winspool.lib shell32.lib ole32.lib oleaut32.lib uuid.lib comdlg32.lib advapi32.lib 

Code:
 #include<stdio.h>
        
        int main(void) {
            printf("%ld\n", (long)(sizeof(int)));
            return 0;
        };
Compiler stdout:
 testfile.c
Note: including file: C:\Program Files (x86)\Windows Kits\10\include\10.0.18362.0\ucrt\stdio.h
Note: including file:  C:\Program Files (x86)\Windows Kits\10\include\10.0.18362.0\ucrt\corecrt.h
Note: including file:   C:\Program Files (x86)\Microsoft Visual Studio\2019\Community\VC\Tools\MSVC\14.26.28801\include\vcruntime.h
Note: including file:    C:\Program Files (x86)\Microsoft Visual Studio\2019\Community\VC\Tools\MSVC\14.26.28801\include\sal.h
Note: including file:     C:\Program Files (x86)\Microsoft Visual Studio\2019\Community\VC\Tools\MSVC\14.26.28801\include\concurrencysal.h
Note: including file:    C:\Program Files (x86)\Microsoft Visual Studio\2019\Community\VC\Tools\MSVC\14.26.28801\include\vadefs.h
Note: including file:  C:\Program Files (x86)\Windows Kits\10\include\10.0.18362.0\ucrt\corecrt_wstdio.h
Note: including file:   C:\Program Files (x86)\Windows Kits\10\include\10.0.18362.0\ucrt\corecrt_stdio_config.h

Compiler stderr:
 
Program stdout:

4

Program stderr:


Checking for size of "int" : 4
Configuring fribidi-config.h using configuration
Program test-runner.py found: YES (c:\program files\python38\python.exe D:\TestSub\vendor\exten\fribidi-1.0.10\test\test-runner.py)
Adding test "CapRTL_explicit"
Adding test "CapRTL_implicit"
Adding test "CapRTL_isolate"
Adding test "ISO8859-8_hebrew"
Adding test "UTF-8_persian"
Adding test "UTF-8_reordernsm"
Adding test "BidiTest"
Adding test "BidiCharacterTest"
DEPRECATION: Project targeting '>= 0.48' but tried to use feature deprecated since '0.48.0': python3 module
Running command: c:\program files\python38\python.exe -c import sys; print(open(sys.argv[1], "r").read()) D:\TestSub\vendor\exten\fribidi-1.0.10\doc\../lib/fribidi.def
--- stdout ---
fribidi_charset_to_unicode
fribidi_debug_status
fribidi_get_bidi_type
fribidi_get_bidi_type_name
fribidi_get_bidi_types
fribidi_get_bracket
fribidi_get_bracket_types
fribidi_get_joining_type
fribidi_get_joining_type_name
fribidi_get_joining_types
fribidi_get_mirror_char
fribidi_get_par_direction
fribidi_get_par_embedding_levels
fribidi_get_par_embedding_levels_ex
fribidi_get_type
fribidi_get_type_internal
fribidi_join_arabic
fribidi_log2vis
fribidi_log2vis_get_embedding_levels
fribidi_mirroring_status
fribidi_parse_charset
fribidi_remove_bidi_marks
fribidi_reorder_line
fribidi_reorder_nsm_status
fribidi_set_debug
fribidi_set_mirroring
fribidi_set_reorder_nsm
fribidi_shape
fribidi_shape_arabic
fribidi_shape_mirroring
fribidi_unicode_to_charset
fribidi_unicode_version
fribidi_version_info


--- stderr ---


Running command: c:\program files\python38\python.exe -c import os.path; import sys
sys.exit(0 if os.path.isfile('D:/TestSub/vendor/exten/fribidi-1.0.10/doc/fribidi_charset_to_unicode.3') else 1)
--- stdout ---

--- stderr ---


Message: Have pre-generated man pages: true
Build targets in project: 21
WARNING: Deprecated features used:
 * 0.48.0: {'python3 module'}

Generating vcxproj gen-unicode-version.
Generating vcxproj fribidi-unicode-version.h.
Generating vcxproj gen-bidi-type-tab.
Generating vcxproj gen-bidi-type-tab.
Generating vcxproj gen-joining-type-tab.
Generating vcxproj gen-joining-type-tab.
Generating vcxproj gen-arabic-shaping-tab.
Generating vcxproj gen-arabic-shaping-tab.
Generating vcxproj gen-mirroring-tab.
Generating vcxproj gen-mirroring-tab.
Generating vcxproj gen-brackets-tab.
Generating vcxproj gen-brackets-tab.
Generating vcxproj gen-brackets-type-tab.
Generating vcxproj gen-brackets-type-tab.
Generating vcxproj fribidi.
Generating vcxproj fribidi.
Generating vcxproj fribidi-benchmark.
Generating vcxproj fribidi-bidi-types.
Generating vcxproj fribidi-caprtl2utf8.
Generating vcxproj BidiTest.
Generating vcxproj BidiCharacterTest.
None of 'STRIP' are defined in the environment, not changing global flags.
None of 'STRIP' are defined in the environment, not changing global flags.
